<?xml version="1.0" encoding="UTF-8"?>
<!-- Generated by org.testng.reporters.JUnitXMLReporter -->
<testsuite hostname="DESKTOP-JQQ65CE" ignored="0" name="Default test" tests="3" failures="0" timestamp="2021-06-19T22:24:25 IST" time="11.685" errors="0">
  <testcase name="ToVerifyReportBtn" time="3.737" classname="testclass.TestClass1"/>
  <testcase name="ToVerifyWorkSchdlBtn" time="0.919" classname="testclass.TestClass1"/>
  <testcase name="ToVerifyTaskBtn" time="1.419" classname="testclass.TestClass1"/>
</testsuite> <!-- Default test -->
